This is METAFONT, Version 2.7182818 (TeX Live 2019/Debian) (preloaded base=mf 2023.6.5)  19 JUL 2023 17:50
**asm_demo/demo.gif asm_demo/demo-1.gif
(asm_demo/demo.gif
! Text line contains an invalid character.
l.1 GIF89aæ
           ^^@æ^^@^^@^^@Ò¯x^^@^^@^^@ÿÿÿ^^@^^@^^@!ÿNETSCAPE2.0^^C^^A^^@^^@^...

? q
OK, entering batchmode...
! Text line contains an invalid character.
l.1 GIF89aæ^^@
              æ^^@^^@^^@Ò¯x^^@^^@^^@ÿÿÿ^^@^^@^^@!ÿNETSCAPE2.0^^C^^A^^@^^@^...
A funny symbol that I can't read has just been input.
Continue, and I'll forget that it ever happened.

! Text line contains an invalid character.
l.1 GIF89aæ^^@æ
               ^^@^^@^^@Ò¯x^^@^^@^^@ÿÿÿ^^@^^@^^@!ÿNETSCAPE2.0^^C^^A^^@^^@^...
A funny symbol that I can't read has just been input.
Continue, and I'll forget that it ever happened.

! Text line contains an invalid character.
l.1 GIF89aæ^^@æ^^@
                  ^^@^^@Ò¯x^^@^^@^^@ÿÿÿ^^@^^@^^@!ÿNETSCAPE2.0^^C^^A^^@^^@^...
A funny symbol that I can't read has just been input.
Continue, and I'll forget that it ever happened.

! Text line contains an invalid character.
l.1 GIF89aæ^^@æ^^@
                   ^^@^^@Ò¯x^^@^^@^^@ÿÿÿ^^@^^@^^@!ÿNETSCAPE2.0^^C^^A^^@^^@^...
A funny symbol that I can't read has just been input.
Continue, and I'll forget that it ever happened.

! Text line contains an invalid character.
l.1 GIF89aæ^^@æ^^@^^@
                      ^^@Ò¯x^^@^^@^^@ÿÿÿ^^@^^@^^@!ÿNETSCAPE2.0^^C^^A^^@^^@^...
A funny symbol that I can't read has just been input.
Continue, and I'll forget that it ever happened.

! Text line contains an invalid character.
l.1 GIF89aæ^^@æ^^@^^@^^@
                         Ò¯x^^@^^@^^@ÿÿÿ^^@^^@^^@!ÿNETSCAPE2.0^^C^^A^^@^^@^...
A funny symbol that I can't read has just been input.
Continue, and I'll forget that it ever happened.

! Text line contains an invalid character.
l.1 GIF89aæ^^@æ^^@^^@^^@Ò
                          ¯x^^@^^@^^@ÿÿÿ^^@^^@^^@!ÿNETSCAPE2.0^^C^^A^^@^^@^...
A funny symbol that I can't read has just been input.
Continue, and I'll forget that it ever happened.

! Text line contains an invalid character.
l.1 GIF89aæ^^@æ^^@^^@^^@Ò¯
                           x^^@^^@^^@ÿÿÿ^^@^^@^^@!ÿNETSCAPE2.0^^C^^A^^@^^@^...
A funny symbol that I can't read has just been input.
Continue, and I'll forget that it ever happened.

! Text line contains an invalid character.
l.1 GIF89aæ^^@æ^^@^^@^^@Ò¯x^^@
                               ^^@^^@ÿÿÿ^^@^^@^^@!ÿNETSCAPE2.0^^C^^A^^@^^@^...
A funny symbol that I can't read has just been input.
Continue, and I'll forget that it ever happened.

! Text line contains an invalid character.
l.1 GIF89aæ^^@æ^^@^^@^^@Ò¯x^^@^^@
                                  ^^@ÿÿÿ^^@^^@^^@!ÿNETSCAPE2.0^^C^^A^^@^^@^...
A funny symbol that I can't read has just been input.
Continue, and I'll forget that it ever happened.

! Text line contains an invalid character.
l.1 GIF89aæ^^@æ^^@^^@^^@Ò¯x^^@^^@^^@
                                     ÿÿÿ^^@^^@^^@!ÿNETSCAPE2.0^^C^^A^^@^^@^...
A funny symbol that I can't read has just been input.
Continue, and I'll forget that it ever happened.

! Text line contains an invalid character.
l.1 GIF89aæ^^@æ^^@^^@^^@Ò¯x^^@^^@^^@ÿ
                                      ÿÿ^^@^^@^^@!ÿNETSCAPE2.0^^C^^A^^@^^@^...
A funny symbol that I can't read has just been input.
Continue, and I'll forget that it ever happened.

! Text line contains an invalid character.
l.1 GIF89aæ^^@æ^^@^^@^^@Ò¯x^^@^^@^^@ÿÿ
                                       ÿ^^@^^@^^@!ÿNETSCAPE2.0^^C^^A^^@^^@^...
A funny symbol that I can't read has just been input.
Continue, and I'll forget that it ever happened.

! Text line contains an invalid character.
l.1 GIF89aæ^^@æ^^@^^@^^@Ò¯x^^@^^@^^@ÿÿÿ
                                        ^^@^^@^^@!ÿNETSCAPE2.0^^C^^A^^@^^@^...
A funny symbol that I can't read has just been input.
Continue, and I'll forget that it ever happened.

! Text line contains an invalid character.
l.1 GIF89aæ^^@æ^^@^^@^^@Ò¯x^^@^^@^^@ÿÿÿ^^@
                                           ^^@^^@!ÿNETSCAPE2.0^^C^^A^^@^^@^...
A funny symbol that I can't read has just been input.
Continue, and I'll forget that it ever happened.

! Text line contains an invalid character.
l.1 GIF89aæ^^@æ^^@^^@^^@Ò¯x^^@^^@^^@ÿÿÿ^^@^^@
                                              ^^@!ÿNETSCAPE2.0^^C^^A^^@^^@^...
A funny symbol that I can't read has just been input.
Continue, and I'll forget that it ever happened.

! Text line contains an invalid character.
l.1 GIF89aæ^^@æ^^@^^@^^@Ò¯x^^@^^@^^@ÿÿÿ^^@^^@^^@
                                                 !ÿNETSCAPE2.0^^C^^A^^@^^@^...
A funny symbol that I can't read has just been input.
Continue, and I'll forget that it ever happened.

! Text line contains an invalid character.
l.1 ...9aæ^^@æ^^@^^@^^@Ò¯x^^@^^@^^@ÿÿÿ^^@^^@^^@!ÿ
                                                  NETSCAPE2.0^^C^^A^^@^^@^^...
A funny symbol that I can't read has just been input.
Continue, and I'll forget that it ever happened.

! Text line contains an invalid character.
l.1 ...aæ^^@æ^^@^^@^^@Ò¯x^^@^^@^^@ÿÿÿ^^@^^@^^@!ÿ
                                                  NETSCAPE2.0^^C^^A^^@^^@^^@...
A funny symbol that I can't read has just been input.
Continue, and I'll forget that it ever happened.

! Text line contains an invalid character.
l.1 ...^@Ò¯x^^@^^@^^@ÿÿÿ^^@^^@^^@!ÿNETSCAPE2.0^^C
                                                  ^^A^^@^^@^^@!ù^^D^^Dd^^@^^...
A funny symbol that I can't read has just been input.
Continue, and I'll forget that it ever happened.

! Text line contains an invalid character.
l.1 ...¯x^^@^^@^^@ÿÿÿ^^@^^@^^@!ÿNETSCAPE2.0^^C^^A
                                                  ^^@^^@^^@!ù^^D^^Dd^^@^^@^^...
A funny symbol that I can't read has just been input.
Continue, and I'll forget that it ever happened.

! Text line contains an invalid character.
l.1 ...^@^^@^^@ÿÿÿ^^@^^@^^@!ÿNETSCAPE2.0^^C^^A^^@
                                                  ^^@^^@!ù^^D^^Dd^^@^^@^^@,^...
A funny symbol that I can't read has just been input.
Continue, and I'll forget that it ever happened.

! Text line contains an invalid character.
l.1 ...^@^^@ÿÿÿ^^@^^@^^@!ÿNETSCAPE2.0^^C^^A^^@^^@
                                                  ^^@!ù^^D^^Dd^^@^^@^^@,^^@^...
A funny symbol that I can't read has just been input.
Continue, and I'll forget that it ever happened.

! Text line contains an invalid character.
l.1 ...^@ÿÿÿ^^@^^@^^@!ÿNETSCAPE2.0^^C^^A^^@^^@^^@
                                                  !ù^^D^^Dd^^@^^@^^@,^^@^^@^...
A funny symbol that I can't read has just been input.
Continue, and I'll forget that it ever happened.

! Text line contains an invalid character.
l.1 ...ÿÿÿ^^@^^@^^@!ÿNETSCAPE2.0^^C^^A^^@^^@^^@!ù
                                                  ^^D^^Dd^^@^^@^^@,^^@^^@^^@...
A funny symbol that I can't read has just been input.
Continue, and I'll forget that it ever happened.

! Text line contains an invalid character.
l.1 ...^^@^^@^^@!ÿNETSCAPE2.0^^C^^A^^@^^@^^@!ù^^D
                                                  ^^Dd^^@^^@^^@,^^@^^@^^@^^@...
A funny symbol that I can't read has just been input.
Continue, and I'll forget that it ever happened.

! Text line contains an invalid character.
l.1 ...^^@^^@!ÿNETSCAPE2.0^^C^^A^^@^^@^^@!ù^^D^^D
                                                  d^^@^^@^^@,^^@^^@^^@^^@æ^^...
A funny symbol that I can't read has just been input.
Continue, and I'll forget that it ever happened.

! Text line contains an invalid character.
l.1 ...^@!ÿNETSCAPE2.0^^C^^A^^@^^@^^@!ù^^D^^Dd^^@
                                                  ^^@^^@,^^@^^@^^@^^@æ^^@æ^^...
A funny symbol that I can't read has just been input.
Continue, and I'll forget that it ever happened.

! Text line contains an invalid character.
l.1 ...ÿNETSCAPE2.0^^C^^A^^@^^@^^@!ù^^D^^Dd^^@^^@
                                                  ^^@,^^@^^@^^@^^@æ^^@æ^^@^^...
A funny symbol that I can't read has just been input.
Continue, and I'll forget that it ever happened.

! Text line contains an invalid character.
l.1 ...ETSCAPE2.0^^C^^A^^@^^@^^@!ù^^D^^Dd^^@^^@^^@
                                                  ,^^@^^@^^@^^@æ^^@æ^^@^^@^^...
A funny symbol that I can't read has just been input.
Continue, and I'll forget that it ever happened.

>> GIF89a.x!NETSCAPE2!d
! Isolated expression.
<to be read again> 
                   ,
l.1 ...TSCAPE2.0^^C^^A^^@^^@^^@!ù^^D^^Dd^^@^^@^^@,
                                                  ^^@^^@^^@^^@æ^^@æ^^@^^@^^B...
I couldn't find an `=' or `:=' after the
expression that is shown above this error message,
so I guess I'll just ignore it and carry on.

! Extra tokens will be flushed.
<to be read again> 
                   ,
l.1 ...TSCAPE2.0^^C^^A^^@^^@^^@!ù^^D^^Dd^^@^^@^^@,
                                                  ^^@^^@^^@^^@æ^^@æ^^@^^@^^B...
I've just read as much of that statement as I could fathom,
so a semicolon should have been next. It's very puzzling...
but I'll try to get myself back together, by ignoring
everything up to the next `;'. Please insert a semicolon
now in front of anything that you don't want me to delete.
(See Chapter 27 of The METAFONTbook for an example.)

! Text line contains an invalid character.
l.1 ...APE2.0^^C^^A^^@^^@^^@!ù^^D^^Dd^^@^^@^^@,^^@
                                                  ^^@^^@^^@æ^^@æ^^@^^@^^Bÿ„...
A funny symbol that I can't read has just been input.
Continue, and I'll forget that it ever happened.

! Text line contains an invalid character.
l.1 ...2.0^^C^^A^^@^^@^^@!ù^^D^^Dd^^@^^@^^@,^^@^^@
                                                  ^^@^^@æ^^@æ^^@^^@^^Bÿ„©Ëí...
A funny symbol that I can't read has just been input.
Continue, and I'll forget that it ever happened.

! Text line contains an invalid character.
l.1 ...^^C^^A^^@^^@^^@!ù^^D^^Dd^^@^^@^^@,^^@^^@^^@
                                                  ^^@æ^^@æ^^@^^@^^Bÿ„©Ëí^^O...
A funny symbol that I can't read has just been input.
Continue, and I'll forget that it ever happened.

! Text line contains an invalid character.
l.1 ...^^A^^@^^@^^@!ù^^D^^Dd^^@^^@^^@,^^@^^@^^@^^@
                                                  æ^^@æ^^@^^@^^Bÿ„©Ëí^^O£œ´...
A funny symbol that I can't read has just been input.
Continue, and I'll forget that it ever happened.

! Text line contains an invalid character.
l.1 ...^A^^@^^@^^@!ù^^D^^Dd^^@^^@^^@,^^@^^@^^@^^@æ
                                                  ^^@æ^^@^^@^^Bÿ„©Ëí^^O£œ´Ú...
A funny symbol that I can't read has just been input.
Continue, and I'll forget that it ever happened.

! Text line contains an invalid character.
l.1 ...^@^^@^^@!ù^^D^^Dd^^@^^@^^@,^^@^^@^^@^^@æ^^@
                                                  æ^^@^^@^^Bÿ„©Ëí^^O£œ´Ú‹³Ş...
A funny symbol that I can't read has just been input.
Continue, and I'll forget that it ever happened.

! Text line contains an invalid character.
l.1 ...@^^@^^@!ù^^D^^Dd^^@^^@^^@,^^@^^@^^@^^@æ^^@æ
                                                  ^^@^^@^^Bÿ„©Ëí^^O£œ´Ú‹³Ş¼...
A funny symbol that I can't read has just been input.
Continue, and I'll forget that it ever happened.

! Text line contains an invalid character.
l.1 ...@^^@!ù^^D^^Dd^^@^^@^^@,^^@^^@^^@^^@æ^^@æ^^@
                                                  ^^@^^Bÿ„©Ëí^^O£œ´Ú‹³Ş¼û^^...
A funny symbol that I can't read has just been input.
Continue, and I'll forget that it ever happened.

! Text line contains an invalid character.
l.1 ...@!ù^^D^^Dd^^@^^@^^@,^^@^^@^^@^^@æ^^@æ^^@^^@
                                                  ^^Bÿ„©Ëí^^O£œ´Ú‹³Ş¼û^^O†â...
A funny symbol that I can't read has just been input.
Continue, and I'll forget that it ever happened.

! Text line contains an invalid character.
l.1 ...^^D^^Dd^^@^^@^^@,^^@^^@^^@^^@æ^^@æ^^@^^@^^B
                                                  ÿ„©Ëí^^O£œ´Ú‹³Ş¼û^^O†âH–æ...
A funny symbol that I can't read has just been input.
Continue, and I'll forget that it ever happened.

! Text line contains an invalid character.
l.1 ...^D^^Dd^^@^^@^^@,^^@^^@^^@^^@æ^^@æ^^@^^@^^Bÿ
                                                  „©Ëí^^O£œ´Ú‹³Ş¼û^^O†âH–æ‰...
A funny symbol that I can't read has just been input.
Continue, and I'll forget that it ever happened.

! Text line contains an invalid character.
l.1 ...D^^Dd^^@^^@^^@,^^@^^@^^@^^@æ^^@æ^^@^^@^^Bÿ„
                                                  ©Ëí^^O£œ´Ú‹³Ş¼û^^O†âH–æ‰¦...
A funny symbol that I can't read has just been input.
Continue, and I'll forget that it ever happened.

! Text line contains an invalid character.
l.1 ...^^Dd^^@^^@^^@,^^@^^@^^@^^@æ^^@æ^^@^^@^^Bÿ„
                                                  ©Ëí^^O£œ´Ú‹³Ş¼û^^O†âH–æ‰¦ê...
A funny symbol that I can't read has just been input.
Continue, and I'll forget that it ever happened.

! Text line contains an invalid character.
l.1 ...^Dd^^@^^@^^@,^^@^^@^^@^^@æ^^@æ^^@^^@^^Bÿ„©
                                                  Ëí^^O£œ´Ú‹³Ş¼û^^O†âH–æ‰¦êÊ...
A funny symbol that I can't read has just been input.
Continue, and I'll forget that it ever happened.

! Text line contains an invalid character.
l.1 ...Dd^^@^^@^^@,^^@^^@^^@^^@æ^^@æ^^@^^@^^Bÿ„©Ë
                                                  í^^O£œ´Ú‹³Ş¼û^^O†âH–æ‰¦êÊ¶...
A funny symbol that I can't read has just been input.
Continue, and I'll forget that it ever happened.

! Text line contains an invalid character.
l.1 ...d^^@^^@^^@,^^@^^@^^@^^@æ^^@æ^^@^^@^^Bÿ„©Ëí
                                                  ^^O£œ´Ú‹³Ş¼û^^O†âH–æ‰¦êÊ¶î...
A funny symbol that I can't read has just been input.
Continue, and I'll forget that it ever happened.

! Text line contains an invalid character.
l.1 ...@^^@^^@,^^@^^@^^@^^@æ^^@æ^^@^^@^^Bÿ„©Ëí^^O
                                                  £œ´Ú‹³Ş¼û^^O†âH–æ‰¦êÊ¶îÇò...
A funny symbol that I can't read has just been input.
Continue, and I'll forget that it ever happened.

! Text line contains an invalid character.
l.1 ...^^@^^@,^^@^^@^^@^^@æ^^@æ^^@^^@^^Bÿ„©Ëí^^O£
                                                  œ´Ú‹³Ş¼û^^O†âH–æ‰¦êÊ¶îÇòL...
A funny symbol that I can't read has just been input.
Continue, and I'll forget that it ever happened.

! Text line contains an invalid character.
l.1 ...^@^^@,^^@^^@^^@^^@æ^^@æ^^@^^@^^Bÿ„©Ëí^^O£œ
                                                  ´Ú‹³Ş¼û^^O†âH–æ‰¦êÊ¶îÇòL×...
A funny symbol that I can't read has just been input.
Continue, and I'll forget that it ever happened.

! Text line contains an invalid character.
l.1 ...@^^@,^^@^^@^^@^^@æ^^@æ^^@^^@^^Bÿ„©Ëí^^O£œ´
                                                  Ú‹³Ş¼û^^O†âH–æ‰¦êÊ¶îÇòL×ö...
A funny symbol that I can't read has just been input.
Continue, and I'll forget that it ever happened.

! Text line contains an invalid character.
l.1 ...^^@,^^@^^@^^@^^@æ^^@æ^^@^^@^^Bÿ„©Ëí^^O£œ´Ú
                                                  ‹³Ş¼û^^O†âH–æ‰¦êÊ¶îÇòL×ö...
A funny symbol that I can't read has just been input.
Continue, and I'll forget that it ever happened.

! Text line contains an invalid character.
l.1 ...^@,^^@^^@^^@^^@æ^^@æ^^@^^@^^Bÿ„©Ëí^^O£œ´Ú‹
                                                  ³Ş¼û^^O†âH–æ‰¦êÊ¶îÇòL×öç...
A funny symbol that I can't read has just been input.
Continue, and I'll forget that it ever happened.

! Text line contains an invalid character.
l.1 ...@,^^@^^@^^@^^@æ^^@æ^^@^^@^^Bÿ„©Ëí^^O£œ´Ú‹³
                                                  Ş¼û^^O†âH–æ‰¦êÊ¶îÇòL×öçú...
A funny symbol that I can't read has just been input.
Continue, and I'll forget that it ever happened.

! Text line contains an invalid character.
l.1 ...,^^@^^@^^@^^@æ^^@æ^^@^^@^^Bÿ„©Ëí^^O£œ´Ú‹³Ş
                                                  ¼û^^O†âH–æ‰¦êÊ¶îÇòL×öçúÎ...
A funny symbol that I can't read has just been input.
Continue, and I'll forget that it ever happened.

! Text line contains an invalid character.
l.1 ...^^@^^@^^@^^@æ^^@æ^^@^^@^^Bÿ„©Ëí^^O£œ´Ú‹³Ş¼
                                                  û^^O†âH–æ‰¦êÊ¶îÇòL×öçúÎ÷...
A funny symbol that I can't read has just been input.
Continue, and I'll forget that it ever happened.

! Text line contains an invalid character.
l.1 ...^@^^@^^@^^@æ^^@æ^^@^^@^^Bÿ„©Ëí^^O£œ´Ú‹³Ş¼û
                                                  ^^O†âH–æ‰¦êÊ¶îÇòL×öçúÎ÷ş...
A funny symbol that I can't read has just been input.
Continue, and I'll forget that it ever happened.

! Text line contains an invalid character.
l.1 ...^@^^@^^@æ^^@æ^^@^^@^^Bÿ„©Ëí^^O£œ´Ú‹³Ş¼û^^O
                                                  †âH–æ‰¦êÊ¶îÇòL×öçúÎ÷ş^^O^^L
A funny symbol that I can't read has just been input.
Continue, and I'll forget that it ever happened.

! Text line contains an invalid character.
l.1 ...@^^@^^@æ^^@æ^^@^^@^^Bÿ„©Ëí^^O£œ´Ú‹³Ş¼û^^O†
                                                  âH–æ‰¦êÊ¶îÇòL×öçúÎ÷ş^^O^^L
A funny symbol that I can't read has just been input.
Continue, and I'll forget that it ever happened.

! Text line contains an invalid character.
l.1 ...^^@^^@æ^^@æ^^@^^@^^Bÿ„©Ëí^^O£œ´Ú‹³Ş¼û^^O†â
                                                  H–æ‰¦êÊ¶îÇòL×öçúÎ÷ş^^O^^L
A funny symbol that I can't read has just been input.
Continue, and I'll forget that it ever happened.

! Text line contains an invalid character.
l.1 ...@^^@æ^^@æ^^@^^@^^Bÿ„©Ëí^^O£œ´Ú‹³Ş¼û^^O†âH–
                                                  æ‰¦êÊ¶îÇòL×öçúÎ÷ş^^O^^L
A funny symbol that I can't read has just been input.
Continue, and I'll forget that it ever happened.

! Text line contains an invalid character.
l.1 ...^^@æ^^@æ^^@^^@^^Bÿ„©Ëí^^O£œ´Ú‹³Ş¼û^^O†âH–æ
                                                  ‰¦êÊ¶îÇòL×öçúÎ÷ş^^O^^L
A funny symbol that I can't read has just been input.
Continue, and I'll forget that it ever happened.

! Text line contains an invalid character.
l.1 ...^@æ^^@æ^^@^^@^^Bÿ„©Ëí^^O£œ´Ú‹³Ş¼û^^O†âH–æ‰
                                                  ¦êÊ¶îÇòL×öçúÎ÷ş^^O^^L
A funny symbol that I can't read has just been input.
Continue, and I'll forget that it ever happened.

! Text line contains an invalid character.
l.1 ...@æ^^@æ^^@^^@^^Bÿ„©Ëí^^O£œ´Ú‹³Ş¼û^^O†âH–æ‰¦
                                                  êÊ¶îÇòL×öçúÎ÷ş^^O^^L
A funny symbol that I can't read has just been input.
Continue, and I'll forget that it ever happened.

! Text line contains an invalid character.
l.1 ...æ^^@æ^^@^^@^^Bÿ„©Ëí^^O£œ´Ú‹³Ş¼û^^O†âH–æ‰¦ê
                                                  Ê¶îÇòL×öçúÎ÷ş^^O^^L
A funny symbol that I can't read has just been input.
Continue, and I'll forget that it ever happened.

! Text line contains an invalid character.
l.1 ...^^@æ^^@^^@^^Bÿ„©Ëí^^O£œ´Ú‹³Ş¼û^^O†âH–æ‰¦êÊ
                                                  ¶îÇòL×öçúÎ÷ş^^O^^L
A funny symbol that I can't read has just been input.
Continue, and I'll forget that it ever happened.

! Text line contains an invalid character.
l.1 ...^@æ^^@^^@^^Bÿ„©Ëí^^O£œ´Ú‹³Ş¼û^^O†âH–æ‰¦êÊ¶
                                                  îÇòL×öçúÎ÷ş^^O^^L
A funny symbol that I can't read has just been input.
Continue, and I'll forget that it ever happened.

! Text line contains an invalid character.
l.1 ...@æ^^@^^@^^Bÿ„©Ëí^^O£œ´Ú‹³Ş¼û^^O†âH–æ‰¦êÊ¶î
                                                  ÇòL×öçúÎ÷ş^^O^^L
A funny symbol that I can't read has just been input.
Continue, and I'll forget that it ever happened.

! Text line contains an invalid character.
l.1 ...æ^^@^^@^^Bÿ„©Ëí^^O£œ´Ú‹³Ş¼û^^O†âH–æ‰¦êÊ¶î
                                                  ÇòL×öçúÎ÷ş^^O^^L
A funny symbol that I can't read has just been input.
Continue, and I'll forget that it ever happened.

! Text line contains an invalid character.
l.1 ...^^@^^@^^Bÿ„©Ëí^^O£œ´Ú‹³Ş¼û^^O†âH–æ‰¦êÊ¶îÇ
                                                  òL×öçúÎ÷ş^^O^^L
A funny symbol that I can't read has just been input.
Continue, and I'll forget that it ever happened.

! Text line contains an invalid character.
l.1 ...^@^^@^^Bÿ„©Ëí^^O£œ´Ú‹³Ş¼û^^O†âH–æ‰¦êÊ¶îÇò
                                                  L×öçúÎ÷ş^^O^^L
A funny symbol that I can't read has just been input.
Continue, and I'll forget that it ever happened.

! Text line contains an invalid character.
l.1 ...^^@^^Bÿ„©Ëí^^O£œ´Ú‹³Ş¼û^^O†âH–æ‰¦êÊ¶îÇòL×
                                                  öçúÎ÷ş^^O^^L
A funny symbol that I can't read has just been input.
Continue, and I'll forget that it ever happened.

! Text line contains an invalid character.
l.1 ...^@^^Bÿ„©Ëí^^O£œ´Ú‹³Ş¼û^^O†âH–æ‰¦êÊ¶îÇòL×ö
                                                  çúÎ÷ş^^O^^L
A funny symbol that I can't read has just been input.
Continue, and I'll forget that it ever happened.

! Text line contains an invalid character.
l.1 ...@^^Bÿ„©Ëí^^O£œ´Ú‹³Ş¼û^^O†âH–æ‰¦êÊ¶îÇòL×ö
                                                  çúÎ÷ş^^O^^L
A funny symbol that I can't read has just been input.
Continue, and I'll forget that it ever happened.

! Text line contains an invalid character.
l.1 ...^^Bÿ„©Ëí^^O£œ´Ú‹³Ş¼û^^O†âH–æ‰¦êÊ¶îÇòL×öç
                                                  úÎ÷ş^^O^^L
A funny symbol that I can't read has just been input.
Continue, and I'll forget that it ever happened.

! Text line contains an invalid character.
l.1 ...^Bÿ„©Ëí^^O£œ´Ú‹³Ş¼û^^O†âH–æ‰¦êÊ¶îÇòL×öçú
                                                  Î÷ş^^O^^L
A funny symbol that I can't read has just been input.
Continue, and I'll forget that it ever happened.

! Text line contains an invalid character.
l.1 ...Bÿ„©Ëí^^O£œ´Ú‹³Ş¼û^^O†âH–æ‰¦êÊ¶îÇòL×öçúÎ
                                                  ÷ş^^O^^L
A funny symbol that I can't read has just been input.
Continue, and I'll forget that it ever happened.

! Text line contains an invalid character.
l.1 ...ÿ„©Ëí^^O£œ´Ú‹³Ş¼û^^O†âH–æ‰¦êÊ¶îÇòL×öçúÎ÷
                                                  ş^^O^^L
A funny symbol that I can't read has just been input.
Continue, and I'll forget that it ever happened.

! Text line contains an invalid character.
l.1 ...„©Ëí^^O£œ´Ú‹³Ş¼û^^O†âH–æ‰¦êÊ¶îÇòL×öçúÎ÷ş
                                                  ^^O^^L
A funny symbol that I can't read has just been input.
Continue, and I'll forget that it ever happened.

! Text line contains an invalid character.
l.1 ...Ëí^^O£œ´Ú‹³Ş¼û^^O†âH–æ‰¦êÊ¶îÇòL×öçúÎ÷ş^^O
                                                  ^^L
A funny symbol that I can't read has just been input.
Continue, and I'll forget that it ever happened.

! Text line contains an invalid character.
l.2 ‡
     Ä¢ñˆL*—Ì¦ó	J§¯@€Š5^^^AÛ¬÷·í~¬ä²ùŒN«×ì¶û
A funny symbol that I can't read has just been input.
Continue, and I'll forget that it ever happened.

! Text line contains an invalid character.
l.2 ‡Ä
      ¢ñˆL*—Ì¦ó	J§¯@€Š5^^^AÛ¬÷·í~¬ä²ùŒN«×ì¶û
A funny symbol that I can't read has just been input.
Continue, and I'll forget that it ever happened.

! Text line contains an invalid character.
l.2 ‡Ä¢
       ñˆL*—Ì¦ó	J§¯@€Š5^^^AÛ¬÷·í~¬ä²ùŒN«×ì¶û
A funny symbol that I can't read has just been input.
Continue, and I'll forget that it ever happened.

! Text line contains an invalid character.
l.2 ‡Ä¢ñ
        ˆL*—Ì¦ó	J§¯@€Š5^^^AÛ¬÷·í~¬ä²ùŒN«×ì¶û
A funny symbol that I can't read has just been input.
Continue, and I'll forget that it ever happened.

! Text line contains an invalid character.
l.2 ‡Ä¢ñˆ
         L*—Ì¦ó	J§¯@€Š5^^^AÛ¬÷·í~¬ä²ùŒN«×ì¶û
A funny symbol that I can't read has just been input.
Continue, and I'll forget that it ever happened.

! Text line contains an invalid character.
l.2 ‡Ä¢ñˆL*—
            Ì¦ó	J§¯@€Š5^^^AÛ¬÷·í~¬ä²ùŒN«×ì¶û
A funny symbol that I can't read has just been input.
Continue, and I'll forget that it ever happened.

! Text line contains an invalid character.
l.2 ‡Ä¢ñˆL*—Ì
             ¦ó	J§¯@€Š5^^^AÛ¬÷·í~¬ä²ùŒN«×ì¶û
A funny symbol that I can't read has just been input.
Continue, and I'll forget that it ever happened.

! Text line contains an invalid character.
l.2 ‡Ä¢ñˆL*—Ì¦
              ó	J§¯@€Š5^^^AÛ¬÷·í~¬ä²ùŒN«×ì¶û
A funny symbol that I can't read has just been input.
Continue, and I'll forget that it ever happened.

! Text line contains an invalid character.
l.2 ‡Ä¢ñˆL*—Ì¦ó
               	J§¯@€Š5^^^AÛ¬÷·í~¬ä²ùŒN«×ì¶û
A funny symbol that I can't read has just been input.
Continue, and I'll forget that it ever happened.

! Text line contains an invalid character.
l.2 ‡Ä¢ñˆL*—Ì¦ó	
                 J§¯@€Š5^^^AÛ¬÷·í~¬ä²ùŒN«×ì¶û
A funny symbol that I can't read has just been input.
Continue, and I'll forget that it ever happened.

! Text line contains an invalid character.
l.2 ‡Ä¢ñˆL*—Ì¦ó	J§
                   ¯@€Š5^^^AÛ¬÷·í~¬ä²ùŒN«×ì¶û
A funny symbol that I can't read has just been input.
Continue, and I'll forget that it ever happened.

! Text line contains an invalid character.
l.2 ‡Ä¢ñˆL*—Ì¦ó	J§¯
                    @€Š5^^^AÛ¬÷·í~¬ä²ùŒN«×ì¶û
A funny symbol that I can't read has just been input.
Continue, and I'll forget that it ever happened.

! Text line contains an invalid character.
l.2 ‡Ä¢ñˆL*—Ì¦ó	J§¯@€
                      Š5^^^AÛ¬÷·í~¬ä²ùŒN«×ì¶û
A funny symbol that I can't read has just been input.
Continue, and I'll forget that it ever happened.

! Text line contains an invalid character.
l.2 ‡Ä¢ñˆL*—Ì¦ó	J§¯@€Š
                       5^^^AÛ¬÷·í~¬ä²ùŒN«×ì¶û
A funny symbol that I can't read has just been input.
Continue, and I'll forget that it ever happened.

! Text line contains an invalid character.
l.2 ‡Ä¢ñˆL*—Ì¦ó	J§¯@€Š5^^^A
                            Û¬÷·í~¬ä²ùŒN«×ì¶û
A funny symbol that I can't read has just been input.
Continue, and I'll forget that it ever happened.

! Text line contains an invalid character.
l.2 ‡Ä¢ñˆL*—Ì¦ó	J§¯@€Š5^^^AÛ
                             ¬÷·í~¬ä²ùŒN«×ì¶û
A funny symbol that I can't read has just been input.
Continue, and I'll forget that it ever happened.

! Text line contains an invalid character.
l.2 ‡Ä¢ñˆL*—Ì¦ó	J§¯@€Š5^^^AÛ¬
                              ÷·í~¬ä²ùŒN«×ì¶û
A funny symbol that I can't read has just been input.
Continue, and I'll forget that it ever happened.

! Text line contains an invalid character.
l.2 ‡Ä¢ñˆL*—Ì¦ó	J§¯@€Š5^^^AÛ¬÷
                               ·í~¬ä²ùŒN«×ì¶û
A funny symbol that I can't read has just been input.
Continue, and I'll forget that it ever happened.

! Text line contains an invalid character.
l.2 ‡Ä¢ñˆL*—Ì¦ó	J§¯@€Š5^^^AÛ¬÷·
                                í~¬ä²ùŒN«×ì¶û
(That makes 100 errors; please try again.)
